<?xml version="1.0" encoding="UTF-8" ?>
<testsuite errors="0" failures="0" hostname="Notebook" name="antique.SigninValidatorTest" skipped="0" tests="9" time="0.16" timestamp="2014-07-03T09:32:30">
  <properties>
    <property name="libs.jsp-compiler.javadoc" value="" />
    <property name="netbeans.autoupdate.country" value="" />
    <property name="nb.wait.for.caches" value="true" />
    <property name="ant.file.Antiq" value="D:\vyvoj\Antiq\build.xml" />
    <property name="javac.test.classpath" value=":build/web/WEB-INF/classes:C:\Programy\NetBeans 8.0\platform\modules\ext\junit-4.10.jar:C:\Users\Black1\.m2\repository\org\mockito\mockito-all\1.8.4\mockito-all-1.8.4.jar:C:\Users\Black1\.m2\repository\org\springframework\spring-test\4.0.5.RELEASE\spring-test-4.0.5.RELEASE.jar:C:\Users\Black1\.m2\repository\org\springframework\spring-core\4.0.5.RELEASE\spring-core-4.0.5.RELEASE.jar:C:\Users\Black1\.m2\repository\commons-logging\commons-logging\1.1.3\commons-logging-1.1.3.jar" />
    <property name="libs.jsf20.maven-pom" value="" />
    <property name="j2ee.copy.static.files.on.save" value="true" />
    <property name="source.root" value="src" />
    <property name="do.display.browser" value="true" />
    <property name="libs.junit.javadoc" value="C:\Programy\NetBeans 8.0\java\docs\junit-3.8.2-api.zip" />
    <property name="ant.file.type.Antiq-impl" value="file" />
    <property name="libs.spring-webmvc4.0.src" value="" />
    <property name="ant.core.lib" value="C:\Programy\NetBeans 8.0\extide\ant\lib\ant.jar" />
    <property name="javadoc.windowtitle" value="" />
    <property name="libs.jsp-compilation.javadoc" value="" />
    <property name="user.dir" value="D:\vyvoj\Antiq" />
    <property name="libs.javaee-api-7.0.src" value="" />
    <property name="java.vm.version" value="25.5-b02" />
    <property name="file.reference.mockito-all-1.8.4.jar" value="C:\Users\Black1\.m2\repository\org\mockito\mockito-all\1.8.4\mockito-all-1.8.4.jar" />
    <property name="libs.MySQLDriver.classpath" value="C:\Programy\NetBeans 8.0\ide\modules\ext\mysql-connector-java-5.1.23-bin.jar" />
    <property name="libs.eclipselinkmodelgen.src" value="" />
    <property name="javadoc.notree" value="false" />
    <property name="lib.dir" value="web/WEB-INF/lib" />
    <property name="netbeans.autoupdate.version" value="1.23" />
    <property name="libs.EclipseLink-GlassFish-v3.classpath" value="C:\Programy\GlassFish\glassfish\modules\org.eclipse.persistence.antlr.jar;C:\Programy\GlassFish\glassfish\modules\org.eclipse.persistence.asm.jar;C:\Programy\GlassFish\glassfish\modules\org.eclipse.persistence.core.jar;C:\Programy\GlassFish\glassfish\modules\org.eclipse.persistence.dbws.jar;C:\Programy\GlassFish\glassfish\modules\org.eclipse.persistence.jpa.jar;C:\Programy\GlassFish\glassfish\modules\org.eclipse.persistence.jpa.jpql.jar;C:\Programy\GlassFish\glassfish\modules\org.eclipse.persistence.jpa.modelgen.processor.jar;C:\Programy\GlassFish\glassfish\modules\org.eclipse.persistence.moxy.jar;C:\Programy\GlassFish\glassfish\modules\org.eclipse.persistence.oracle.jar;C:\Programy\GlassFish\glassfish\modules\javax.persistence.jar" />
    <property name="libs.javaee-web-api-6.0.classpath" value="C:\Programy\NetBeans 8.0\enterprise\modules\ext\javaee-web-api-6.0.jar" />
    <property name="libs.Java-EE-GlassFish-v3-Prelude.javadoc" value="C:\Programy\NetBeans 8.0\enterprise\docs\javaee-doc-api.jar" />
    <property name="jdk.home" value="C:\Program files\Java\jdk1.8.0_05" />
    <property name="directory.deployment.supported" value="true" />
    <property name="libs.javac-api.src" value="" />
    <property name="javadoc.noindex" value="false" />
    <property name="libs.jpa2-persistence.classpath" value="C:\Programy\NetBeans 8.0\java\modules\ext\hibernate4\hibernate-jpa-2.0-api-1.0.1.Final.jar" />
    <property name="sun.os.patch.level" value="" />
    <property name="libs.Java-EE-GlassFish-v3-Prelude.src" value="" />
    <property name="java.vm.specification.name" value="Java Virtual Machine Specification" />
    <property name="nb.show.statistics.ui" value="usageStatisticsEnabled" />
    <property name="netbeans.autoupdate.variant" value="" />
    <property name="have.tests" value="true" />
    <property name="org.xml.sax.driver" value="com.sun.org.apache.xerces.internal.jaxp.SAXParserImpl$JAXPSAXParser" />
    <property name="j2ee.server.instance" value="[C:\programy\GlassFish\glassfish;C:\Programy\GlassFish\glassfish\domains\domain]deployer:gfv3ee6wc:localhost:4848" />
    <property name="libs.javac-api.javadoc" value="" />
    <property name="os.name" value="Windows 8.1" />
    <property name="libs.beans-binding.classpath" value="C:\Programy\NetBeans 8.0\java\modules\ext\beansbinding-1.2.1.jar" />
    <property name="libs.javaee-endorsed-api-7.0.maven-pom" value="" />
    <property name="ap.proc.none.internal" value="" />
    <property name="libs.restapi.javadoc" value="" />
    <property name="libs.JWSAntTasks.maven-pom" value="" />
    <property name="libs.jstl.classpath" value="C:\Programy\NetBeans 8.0\enterprise\modules\ext\jstl-impl.jar;C:\Programy\NetBeans 8.0\enterprise\modules\ext\jstl-api.jar" />
    <property name="libs.testng.src" value="" />
    <property name="libs.spring-webmvc3.0.src" value="" />
    <property name="libs.restapi.classpath" value="C:\Programy\NetBeans 8.0\enterprise\modules\ext\jaxrs-2.0\javax.ws.rs-api-2.0.jar" />
    <property name="runmain.jvmargs" value="" />
    <property name="java.vendor.url.bug" value="http://bugreport.sun.com/bugreport/" />
    <property name="libs.jaxb.maven-pom" value="" />
    <property name="os.arch" value="amd64" />
    <property name="libs.eclipselink.src" value="" />
    <property name="user.name" value="Black1" />
    <property name="j2ee.compile.on.save" value="true" />
    <property name="libs.jsf12.javadoc" value="C:\Programy\NetBeans 8.0\enterprise\docs\javaee-doc-api.jar" />
    <property name="libs.spring-webmvc3.0.maven-pom" value="" />
    <property name="libs.swing-layout.maven-pom" value="" />
    <property name="sun.java.command" value="org.apache.tools.ant.taskdefs.optional.junit.JUnitTestRunner antique.SigninValidatorTest filtertrace=true haltOnError=false haltOnFailure=false showoutput=true outputtoformatters=true logfailedtests=true logtestlistenerevents=true formatter=org.apache.tools.ant.taskdefs.optional.junit.BriefJUnitResultFormatter formatter=org.apache.tools.ant.taskdefs.optional.junit.XMLJUnitResultFormatter,D:\vyvoj\Antiq\build\test\results\TEST-antique.SigninValidatorTest.xml crashfile=D:\vyvoj\Antiq\build\junitvmwatcher1565838944691688828.properties propsfile=D:\vyvoj\Antiq\build\junit5280276423030266252.properties" />
    <property name="build.classes.dir" value="build/web/WEB-INF/classes" />
    <property name="netbeans.accept_license_class" value="org.netbeans.license.AcceptLicense" />
    <property name="file.reference.spring-core-4.0.5.RELEASE.jar" value="C:\Users\Black1\.m2\repository\org\springframework\spring-core\4.0.5.RELEASE\spring-core-4.0.5.RELEASE.jar" />
    <property name="ap.supported.internal" value="true" />
    <property name="libs.javaee-endorsed-api-7.0.javadoc" value="C:\Programy\NetBeans 8.0\enterprise\docs\javaee-doc-api.jar" />
    <property name="libs.jaxws21.javadoc" value="C:\Programy\NetBeans 8.0\java\docs\jaxws-api-doc.zip" />
    <property name="libs.spring-webmvc4.0.javadoc" value="" />
    <property name="build.web.excludes" value="**/*.java,**/*.form" />
    <property name="includes" value="antique/**/*Test.java" />
    <property name="j2ee.platform.wsimport.classpath" value="C:/programy/GlassFish/glassfish/modules/webservices-osgi.jar:C:/programy/GlassFish/glassfish/modules/endorsed/webservices-api-osgi.jar:C:/programy/GlassFish/glassfish/modules/jaxb-osgi.jar:C:/programy/GlassFish/glassfish/modules/endorsed/jaxb-api-osgi.jar" />
    <property name="browser.context" value="D:\vyvoj\Antiq\test\antique" />
    <property name="user.country" value="CZ" />
    <property name="javadoc.encoding" value="UTF-8" />
    <property name="javac.classpath" value="" />
    <property name="libs.jsp-compilation-syscp.src" value="" />
    <property name="libs.spring-framework400.classpath" value="C:\Programy\NetBeans 8.0\ide\modules\org-apache-commons-logging.jar;C:\Programy\NetBeans 8.0\java\modules\ext\cglib-2.2.jar;C:\Programy\NetBeans 8.0\java\modules\ext\spring-4\spring-aop-4.0.1.RELEASE.jar;C:\Programy\NetBeans 8.0\java\modules\ext\spring-4\spring-aspects-4.0.1.RELEASE.jar;C:\Programy\NetBeans 8.0\java\modules\ext\spring-4\spring-beans-4.0.1.RELEASE.jar;C:\Programy\NetBeans 8.0\java\modules\ext\spring-4\spring-build-src-4.0.1.RELEASE.jar;C:\Programy\NetBeans 8.0\java\modules\ext\spring-4\spring-context-4.0.1.RELEASE.jar;C:\Programy\NetBeans 8.0\java\modules\ext\spring-4\spring-context-support-4.0.1.RELEASE.jar;C:\Programy\NetBeans 8.0\java\modules\ext\spring-4\spring-core-4.0.1.RELEASE.jar;C:\Programy\NetBeans 8.0\java\modules\ext\spring-4\spring-expression-4.0.1.RELEASE.jar;C:\Programy\NetBeans 8.0\java\modules\ext\spring-4\spring-framework-bom-4.0.1.RELEASE.jar;C:\Programy\NetBeans 8.0\java\modules\ext\spring-4\spring-instrument-4.0.1.RELEASE.jar;C:\Programy\NetBeans 8.0\java\modules\ext\spring-4\spring-instrument-tomcat-4.0.1.RELEASE.jar;C:\Programy\NetBeans 8.0\java\modules\ext\spring-4\spring-jdbc-4.0.1.RELEASE.jar;C:\Programy\NetBeans 8.0\java\modules\ext\spring-4\spring-jms-4.0.1.RELEASE.jar;C:\Programy\NetBeans 8.0\java\modules\ext\spring-4\spring-messaging-4.0.1.RELEASE.jar;C:\Programy\NetBeans 8.0\java\modules\ext\spring-4\spring-orm-4.0.1.RELEASE.jar;C:\Programy\NetBeans 8.0\java\modules\ext\spring-4\spring-oxm-4.0.1.RELEASE.jar;C:\Programy\NetBeans 8.0\java\modules\ext\spring-4\spring-test-4.0.1.RELEASE.jar;C:\Programy\NetBeans 8.0\java\modules\ext\spring-4\spring-tx-4.0.1.RELEASE.jar;C:\Programy\NetBeans 8.0\java\modules\ext\spring-4\spring-web-4.0.1.RELEASE.jar;C:\Programy\NetBeans 8.0\java\modules\ext\spring-4\spring-webmvc-4.0.1.RELEASE.jar;C:\Programy\NetBeans 8.0\java\modules\ext\spring-4\spring-webmvc-portlet-4.0.1.RELEASE.jar;C:\Programy\NetBeans 8.0\java\modules\ext\spring-4\spring-websocket-4.0.1.RELEASE.jar" />
    <property name="do.debug.server" value="true" />
    <property name="debug-transport" value="dt_shmem" />
    <property name="netbeans.home" value="C:\Programy\NetBeans 8.0\platform" />
    <property name="build.compiler.emacs" value="true" />
    <property name="libs.javaee-web-api-6.0.src" value="" />
    <property name="libs.jsp-compilation-syscp.classpath" value="C:\Programy\NetBeans 8.0\extide\ant\lib\ant.jar;C:\Programy\NetBeans 8.0\enterprise\modules\ext\servlet3.1-jsp2.3-api.jar;C:\Programy\NetBeans 8.0\enterprise\modules\ext\glassfish-jspparser-4.0.jar;C:\Programy\NetBeans 8.0\enterprise\modules\ext\jstl-impl.jar;C:\Programy\NetBeans 8.0\enterprise\modules\ext\jsf-2_2\javax.faces.jar" />
    <property name="java.endorsed.dirs" value="C:\Program files\Java\jdk1.8.0_05\jre\lib\endorsed" />
    <property name="netbeans.dynamic.classpath" value="C:\Programy\NetBeans 8.0\platform\core\core.jar;C:\Programy\NetBeans 8.0\platform\core\org-openide-filesystems.jar;C:\Programy\NetBeans 8.0\platform\core\locale\core_ja.jar;C:\Programy\NetBeans 8.0\platform\core\locale\core_pt_BR.jar;C:\Programy\NetBeans 8.0\platform\core\locale\core_ru.jar;C:\Programy\NetBeans 8.0\platform\core\locale\core_zh_CN.jar;C:\Programy\NetBeans 8.0\platform\core\locale\org-openide-filesystems_ja.jar;C:\Programy\NetBeans 8.0\platform\core\locale\org-openide-filesystems_pt_BR.jar;C:\Programy\NetBeans 8.0\platform\core\locale\org-openide-filesystems_ru.jar;C:\Programy\NetBeans 8.0\platform\core\locale\org-openide-filesystems_zh_CN.jar;C:\Programy\NetBeans 8.0\nb\core\org-netbeans-upgrader.jar;C:\Programy\NetBeans 8.0\nb\core\locale\core_nb.jar;C:\Programy\NetBeans 8.0\nb\core\locale\core_nb_ja.jar;C:\Programy\NetBeans 8.0\nb\core\locale\core_nb_pt_BR.jar;C:\Programy\NetBeans 8.0\nb\core\locale\core_nb_ru.jar;C:\Programy\NetBeans 8.0\nb\core\locale\core_nb_zh_CN.jar;C:\Programy\NetBeans 8.0\nb\core\locale\org-netbeans-upgrader_ja.jar;C:\Programy\NetBeans 8.0\nb\core\locale\org-netbeans-upgrader_pt_BR.jar;C:\Programy\NetBeans 8.0\nb\core\locale\org-netbeans-upgrader_ru.jar;C:\Programy\NetBeans 8.0\nb\core\locale\org-netbeans-upgrader_zh_CN.jar" />
    <property name="java.vm.specification.version" value="1.8" />
    <property name="libs.hibernate4-support.src" value="" />
    <property name="libs.primefaces.classpath" value="C:\Programy\NetBeans 8.0\enterprise\modules\ext\primefaces\primefaces-4.0.jar" />
    <property name="libs.javaee-api-6.0.classpath" value="C:\Programy\NetBeans 8.0\enterprise\modules\ext\javaee-api-6.0.jar" />
    <property name="netbeans.productversion" value="NetBeans IDE 8.0 (Build 201403101706)" />
    <property name="libs.jaxws21.src" value="" />
    <property name="do.war.package.with.custom.manifest" value="true" />
    <property name="netbeans.autoupdate.language" value="en" />
    <property name="java.vendor" value="Oracle Corporation" />
    <property name="libs.javaee-api-6.0.javadoc" value="C:\Programy\NetBeans 8.0\enterprise\docs\javaee-doc-api.jar" />
    <property name="javac.debug" value="true" />
    <property name="javadoc.splitindex" value="true" />
    <property name="file.separator" value="\" />
    <property name="libs.Java-EE-GlassFish-v3-Prelude.maven-pom" value="" />
    <property name="libs.junit_4.maven-pom" value="" />
    <property name="resource.dir" value="setup" />
    <property name="javac.test.processorpath" value=":build/web/WEB-INF/classes:C:\Programy\NetBeans 8.0\platform\modules\ext\junit-4.10.jar:C:\Users\Black1\.m2\repository\org\mockito\mockito-all\1.8.4\mockito-all-1.8.4.jar:C:\Users\Black1\.m2\repository\org\springframework\spring-test\4.0.5.RELEASE\spring-test-4.0.5.RELEASE.jar:C:\Users\Black1\.m2\repository\org\springframework\spring-core\4.0.5.RELEASE\spring-core-4.0.5.RELEASE.jar:C:\Users\Black1\.m2\repository\commons-logging\commons-logging\1.1.3\commons-logging-1.1.3.jar" />
    <property name="netbeans.buildnumber" value="201403101706" />
    <property name="libs.JWSAntTasks.javadoc" value="" />
    <property name="build.generated.sources.dir" value="build/generated-sources" />
    <property name="user.variant" value="" />
    <property name="libs.eclipselinkmodelgen.classpath" value="C:\Programy\NetBeans 8.0\java\modules\ext\eclipselink\org.eclipse.persistence.jpa.modelgen_2.5.1.v20130918-f2b9fc5.jar" />
    <property name="libs.javaee-endorsed-api-7.0.src" value="" />
    <property name="sun.java.launcher" value="SUN_STANDARD" />
    <property name="libs.junit.classpath" value="C:\Programy\NetBeans 8.0\java\modules\ext\junit-3.8.2.jar" />
    <property name="libs.hibernate4-persistencemodelgen.javadoc" value="" />
    <property name="libs.jaxb.javadoc" value="C:\Programy\NetBeans 8.0\ide\docs\jaxb-api-doc.zip" />
    <property name="libs.struts.classpath" value="C:\Programy\NetBeans 8.0\enterprise\modules\ext\struts\antlr-2.7.2.jar;C:\Programy\NetBeans 8.0\enterprise\modules\ext\struts\bsf-2.3.0.jar;C:\Programy\NetBeans 8.0\enterprise\modules\ext\struts\commons-beanutils-1.8.0.jar;C:\Programy\NetBeans 8.0\enterprise\modules\ext\struts\commons-chain-1.2.jar;C:\Programy\NetBeans 8.0\enterprise\modules\ext\struts\commons-digester-1.8.jar;C:\Programy\NetBeans 8.0\enterprise\modules\ext\struts\commons-fileupload-1.1.1.jar;C:\Programy\NetBeans 8.0\enterprise\modules\ext\struts\commons-io-1.1.jar;C:\Programy\NetBeans 8.0\enterprise\modules\ext\struts\commons-logging-1.0.4.jar;C:\Programy\NetBeans 8.0\enterprise\modules\ext\struts\commons-validator-1.3.1.jar;C:\Programy\NetBeans 8.0\enterprise\modules\ext\struts\jstl-1.0.2.jar;C:\Programy\NetBeans 8.0\enterprise\modules\ext\struts\oro-2.0.8.jar;C:\Programy\NetBeans 8.0\enterprise\modules\ext\struts\standard-1.0.6.jar;C:\Programy\NetBeans 8.0\enterprise\modules\ext\struts\struts-core-1.3.10.jar;C:\Programy\NetBeans 8.0\enterprise\modules\ext\struts\struts-el-1.3.10.jar;C:\Programy\NetBeans 8.0\enterprise\modules\ext\struts\struts-extras-1.3.10.jar;C:\Programy\NetBeans 8.0\enterprise\modules\ext\struts\struts-faces-1.3.10.jar;C:\Programy\NetBeans 8.0\enterprise\modules\ext\struts\struts-mailreader-dao-1.3.10.jar;C:\Programy\NetBeans 8.0\enterprise\modules\ext\struts\struts-scripting-1.3.10.jar;C:\Programy\NetBeans 8.0\enterprise\modules\ext\struts\struts-taglib-1.3.10.jar;C:\Programy\NetBeans 8.0\enterprise\modules\ext\struts\struts-tiles-1.3.10.jar" />
    <property name="application.args.param" value="" />
    <property name="ant.home" value="C:\Programy\NetBeans 8.0\extide\ant" />
    <property name="libs.junit_4.src" value="C:\Programy\NetBeans 8.0\java\docs\junit-4.10-sources.jar" />
    <property name="file.reference.commons-logging-1.1.3.jar" value="C:\Users\Black1\.m2\repository\commons-logging\commons-logging\1.1.3\commons-logging-1.1.3.jar" />
    <property name="libs.testng.classpath" value="C:\Programy\NetBeans 8.0\platform\modules\ext\testng-6.8.1-dist.jar" />
    <property name="conf.dir" value="src/conf" />
    <property name="webinf.dir" value="web/WEB-INF" />
    <property name="libs.absolutelayout.maven-pom" value="" />
    <property name="ant.java.version" value="1.8" />
    <property name="java.library.path" value="C:\Program files\Java\jdk1.8.0_05\jre\bin;C:\Windows\Sun\Java\bin;C:\Windows\system32;C:\Windows;C:\Program Files (x86)\iis express\PHP\v5.3;C:\Program Files (x86)\NVIDIA Corporation\PhysX\Common;C:\Windows\system32;C:\Windows;C:\Windows\System32\Wbem;C:\Windows\System32\WindowsPowerShell\v1.0\;C:\Programy\Git\cmd;C:\Programy\OpenVPN\bin;C:\Program Files\Microsoft\Web Platform Installer\;.;;C:\Program Files\Microsoft SQL Server\110\Tools\Binn\;C:\Program Files\Intel\WiFi\bin\;C:\Program Files\Common Files\Intel\WirelessCommon\;C:\xampp\mysql\bin;C:\Program Files\Intel\WiFi\bin\;C:\Program Files\Common Files\Intel\WirelessCommon\;C:\Program Files\Java\jdk1.8.0_05\bin;.;;.;;." />
    <property name="javadoc.author" value="false" />
    <property name="libs.metro.maven-pom" value="" />
    <property name="libs.EclipseLink-GlassFish-v3.src" value="" />
    <property name="java.util.logging.config.class" value="org.netbeans.core.startup.TopLogging" />
    <property name="libs.spring-framework400.src" value="" />
    <property name="libs.PostgreSQLDriver.src" value="" />
    <property name="sun.arch.data.model" value="64" />
    <property name="basedir" value="D:\vyvoj\Antiq" />
    <property name="libs.jpa20-persistence.maven-pom" value="" />
    <property name="jar.compress" value="false" />
    <property name="libs.javaee-web-api-7.0.classpath" value="C:\Programy\NetBeans 8.0\enterprise\modules\ext\javaee-web-api-7.0.jar" />
    <property name="path.separator" value=";" />
    <property name="dist.war" value="dist/Antiq.war" />
    <property name="libs.javaee-web-api-6.0.javadoc" value="C:\Programy\NetBeans 8.0\enterprise\docs\javaee-doc-api.jar" />
    <property name="ant.junit.enabletestlistenerevents" value="true" />
    <property name="sun.io.unicode.encoding" value="UnicodeLittle" />
    <property name="libs.jaxws21.classpath" value="C:\Programy\NetBeans 8.0\ide\modules\ext\jaxb\jaxb-impl.jar;C:\Programy\NetBeans 8.0\ide\modules\ext\jaxb\jaxb-xjc.jar;C:\Programy\NetBeans 8.0\java\modules\ext\jaxws22\FastInfoset.jar;C:\Programy\NetBeans 8.0\java\modules\ext\jaxws22\gmbal-api-only.jar;C:\Programy\NetBeans 8.0\java\modules\ext\jaxws22\ha-api.jar;C:\Programy\NetBeans 8.0\java\modules\ext\jaxws22\javax.mail_1.4.jar;C:\Programy\NetBeans 8.0\java\modules\ext\jaxws22\jaxws-rt.jar;C:\Programy\NetBeans 8.0\java\modules\ext\jaxws22\jaxws-tools.jar;C:\Programy\NetBeans 8.0\java\modules\ext\jaxws22\management-api.jar;C:\Programy\NetBeans 8.0\java\modules\ext\jaxws22\mimepull.jar;C:\Programy\NetBeans 8.0\java\modules\ext\jaxws22\policy.jar;C:\Programy\NetBeans 8.0\java\modules\ext\jaxws22\saaj-impl.jar;C:\Programy\NetBeans 8.0\java\modules\ext\jaxws22\stax-ex.jar;C:\Programy\NetBeans 8.0\java\modules\ext\jaxws22\stax2-api.jar;C:\Programy\NetBeans 8.0\java\modules\ext\jaxws22\streambuffer.jar;C:\Programy\NetBeans 8.0\java\modules\ext\jaxws22\woodstox-core-asl.jar;C:\Programy\NetBeans 8.0\java\modules\ext\jaxws22\api\jaxws-api.jar;C:\Programy\NetBeans 8.0\java\modules\ext\jaxws22\api\jsr181-api.jar;C:\Programy\NetBeans 8.0\java\modules\ext\jaxws22\api\javax.annotation.jar;C:\Programy\NetBeans 8.0\java\modules\ext\jaxws22\api\saaj-api.jar;C:\Programy\NetBeans 8.0\ide\modules\ext\jaxb\activation.jar;C:\Programy\NetBeans 8.0\ide\modules\ext\jaxb\api\jaxb-api.jar;C:\Programy\NetBeans 8.0\ide\modules\ext\jaxb\api\jsr173_1.0_api.jar" />
    <property name="libs.struts.src" value="" />
    <property name="apple.awt.graphics.UseQuartz" value="true" />
    <property name="user.language" value="cs" />
    <property name="j2ee.platform.classpath" value="C:/Programy/GlassFish/glassfish/modules/endorsed/javax.annotation-api.jar:C:/Programy/GlassFish/glassfish/modules/endorsed/jaxb-api-osgi.jar:C:/Programy/GlassFish/glassfish/modules/endorsed/webservices-api-osgi.jar:C:/Programy/GlassFish/glassfish/modules/bean-validator.jar:C:/Programy/GlassFish/glassfish/modules/javax.batch-api.jar:C:/Programy/GlassFish/glassfish/modules/javax.ejb-api.jar:C:/Programy/GlassFish/glassfish/modules/javax.el.jar:C:/Programy/GlassFish/glassfish/modules/javax.enterprise.concurrent-api.jar:C:/Programy/GlassFish/glassfish/modules/javax.enterprise.concurrent.jar:C:/Programy/GlassFish/glassfish/modules/javax.enterprise.deploy-api.jar:C:/Programy/GlassFish/glassfish/modules/javax.faces.jar:C:/Programy/GlassFish/glassfish/modules/javax.inject.jar:C:/Programy/GlassFish/glassfish/modules/javax.interceptor-api.jar:C:/Programy/GlassFish/glassfish/modules/javax.jms-api.jar:C:/Programy/GlassFish/glassfish/modules/javax.json.jar:C:/Programy/GlassFish/glassfish/modules/javax.mail.jar:C:/Programy/GlassFish/glassfish/modules/javax.management.j2ee-api.jar:C:/Programy/GlassFish/glassfish/modules/javax.persistence.jar:C:/Programy/GlassFish/glassfish/modules/javax.resource-api.jar:C:/Programy/GlassFish/glassfish/modules/javax.security.auth.message-api.jar:C:/Programy/GlassFish/glassfish/modules/javax.security.jacc-api.jar:C:/Programy/GlassFish/glassfish/modules/javax.servlet-api.jar:C:/Programy/GlassFish/glassfish/modules/javax.servlet.jsp-api.jar:C:/Programy/GlassFish/glassfish/modules/javax.servlet.jsp.jar:C:/Programy/GlassFish/glassfish/modules/javax.servlet.jsp.jstl-api.jar:C:/Programy/GlassFish/glassfish/modules/javax.servlet.jsp.jstl.jar:C:/Programy/GlassFish/glassfish/modules/javax.transaction-api.jar:C:/Programy/GlassFish/glassfish/modules/javax.websocket-api.jar:C:/Programy/GlassFish/glassfish/modules/javax.ws.rs-api.jar:C:/Programy/GlassFish/glassfish/modules/javax.xml.registry-api.jar:C:/Programy/GlassFish/glassfish/modules/javax.xml.rpc-api.jar:C:/Programy/GlassFish/glassfish/modules/jaxb-osgi.jar:C:/Programy/GlassFish/glassfish/modules/webservices-osgi.jar:C:/Programy/GlassFish/glassfish/modules/weld-osgi-bundle.jar:C:/Programy/GlassFish/mq/lib/jaxm-api.jar" />
    <property name="testng.mode" value="testng" />
    <property name="libs.JAXB-ENDORSED.maven-pom" value="" />
    <property name="libs.eclipselink.maven-pom" value="" />
    <property name="build.meta.inf.dir" value="build/web/META-INF" />
    <property name="persistence.xml.dir" value="src/conf" />
    <property name="test.binaryincludes" value="&lt;nothing&gt;" />
    <property name="libs.primefaces.javadoc" value="" />
    <property name="libs.spring-framework300.maven-pom" value="" />
    <property name="run.test.classpath" value=":build/web/WEB-INF/classes:C:\Programy\NetBeans 8.0\platform\modules\ext\junit-4.10.jar:C:\Users\Black1\.m2\repository\org\mockito\mockito-all\1.8.4\mockito-all-1.8.4.jar:C:\Users\Black1\.m2\repository\org\springframework\spring-test\4.0.5.RELEASE\spring-test-4.0.5.RELEASE.jar:C:\Users\Black1\.m2\repository\org\springframework\spring-core\4.0.5.RELEASE\spring-core-4.0.5.RELEASE.jar:C:\Users\Black1\.m2\repository\commons-logging\commons-logging\1.1.3\commons-logging-1.1.3.jar:build/test/classes" />
    <property name="ant.project.invoked-targets" value="test" />
    <property name="test.binaryexcludes" value="" />
    <property name="libs.swing-layout.javadoc" value="C:\Programy\NetBeans 8.0\platform\docs\swing-layout-1.0.4-doc.zip" />
    <property name="sun.java2d.dpiaware" value="true" />
    <property name="libs.hibernate4-persistence.maven-pom" value="" />
    <property name="jspc.schemas" value="/resources/schemas/" />
    <property name="https.nonProxyHosts" value="localhost|127.0.0.1|Notebook" />
    <property name="libs.PostgreSQLDriver.maven-pom" value="" />
    <property name="java.class.version" value="52.0" />
    <property name="libs.hibernate4-persistencemodelgen.maven-pom" value="" />
    <property name="libs.javaee-endorsed-api-6.0.src" value="" />
    <property name="libs.eclipselink.javadoc" value="" />
    <property name="libs.jsp-compilation.maven-pom" value="" />
    <property name="user.properties.file" value="C:\Users\Black1\AppData\Roaming\NetBeans\8.0\build.properties" />
    <property name="build.web.dir" value="build/web" />
    <property name="libs.javac-api.maven-pom" value="" />
    <property name="libs.javaee-api-5.0.maven-pom" value="" />
    <property name="file.encoding.pkg" value="sun.io" />
    <property name="sun.cpu.endian" value="little" />
    <property name="libs.JAXB-ENDORSED.javadoc" value="" />
    <property name="j2ee.server.middleware" value="C:/Programy/GlassFish" />
    <property name="libs.JWSAntTasks.classpath" value="C:\Programy\NetBeans 8.0\java\ant\extra\org-netbeans-modules-javawebstart-anttasks.jar" />
    <property name="libs.spring-webmvc4.0.maven-pom" value="" />
    <property name="libs.spring-framework300.src" value="" />
    <property name="libs.jstl.src" value="" />
    <property name="empty.dir" value="D:\vyvoj\Antiq\build\empty" />
    <property name="display.browser" value="true" />
    <property name="ant.file.type.Antiq" value="file" />
    <property name="version-output" value="java version &quot;1.8" />
    <property name="test.binarytestincludes" value="" />
    <property name="libs.hibernate4-persistencemodelgen.src" value="" />
    <property name="javadoc.preview" value="true" />
    <property name="libs.jpa20-persistence.javadoc" value="" />
    <property name="java.home" value="C:\Program files\Java\jdk1.8.0_05\jre" />
    <property name="libs.jsp-compilation.src" value="" />
    <property name="debug.test.classpath" value=":build/web/WEB-INF/classes:C:\Programy\NetBeans 8.0\platform\modules\ext\junit-4.10.jar:C:\Users\Black1\.m2\repository\org\mockito\mockito-all\1.8.4\mockito-all-1.8.4.jar:C:\Users\Black1\.m2\repository\org\springframework\spring-test\4.0.5.RELEASE\spring-test-4.0.5.RELEASE.jar:C:\Users\Black1\.m2\repository\org\springframework\spring-core\4.0.5.RELEASE\spring-core-4.0.5.RELEASE.jar:C:\Users\Black1\.m2\repository\commons-logging\commons-logging\1.1.3\commons-logging-1.1.3.jar:build/test/classes" />
    <property name="libs.javaee-endorsed-api-6.0.classpath" value="C:\Programy\NetBeans 8.0\enterprise\modules\ext\javaee6-endorsed\javax.annotation.jar;C:\Programy\NetBeans 8.0\enterprise\modules\ext\javaee6-endorsed\jaxb-api-osgi.jar;C:\Programy\NetBeans 8.0\enterprise\modules\ext\javaee6-endorsed\webservices-api-osgi.jar" />
    <property name="libs.javaee-api-6.0.src" value="" />
    <property name="netbeans.importclass" value="org.netbeans.upgrade.AutoUpgrade" />
    <property name="ant.project.default-target" value="default" />
    <property name="annotation.processing.run.all.processors" value="true" />
    <property name="libs.PostgreSQLDriver.javadoc" value="" />
    <property name="libs.restlib.classpath" value="C:\Programy\NetBeans 8.0\enterprise\modules\ext\jersey2\ext\asm-all-repackaged-2.1.88.jar;C:\Programy\NetBeans 8.0\enterprise\modules\ext\jersey2\ext\cglib-2.1.88.jar;C:\Programy\NetBeans 8.0\enterprise\modules\ext\jersey2\ext\guava-14.0.1.jar;C:\Programy\NetBeans 8.0\enterprise\modules\ext\jersey2\ext\hk2-api-2.1.88.jar;C:\Programy\NetBeans 8.0\enterprise\modules\ext\jersey2\ext\hk2-locator-2.1.88.jar;C:\Programy\NetBeans 8.0\enterprise\modules\ext\jersey2\ext\hk2-utils-2.1.88.jar;C:\Programy\NetBeans 8.0\enterprise\modules\ext\jersey2\ext\javax.annotation-api-1.2.jar;C:\Programy\NetBeans 8.0\enterprise\modules\ext\jersey2\ext\javax.inject-2.1.88.jar;C:\Programy\NetBeans 8.0\enterprise\modules\ext\jersey2\ext\javax.servlet-api-3.1.0.jar;C:\Programy\NetBeans 8.0\enterprise\modules\ext\jersey2\ext\jaxb-api-2.2.7.jar;C:\Programy\NetBeans 8.0\enterprise\modules\ext\jersey2\ext\org.osgi.core-4.2.0.jar;C:\Programy\NetBeans 8.0\enterprise\modules\ext\jersey2\ext\osgi-resource-locator-1.0.1.jar;C:\Programy\NetBeans 8.0\enterprise\modules\ext\jersey2\ext\persistence-api-1.0.jar;C:\Programy\NetBeans 8.0\enterprise\modules\ext\jersey2\ext\validation-api-1.1.0.jar;C:\Programy\NetBeans 8.0\enterprise\modules\ext\jersey2\jersey-client.jar;C:\Programy\NetBeans 8.0\enterprise\modules\ext\jersey2\jersey-common.jar;C:\Programy\NetBeans 8.0\enterprise\modules\ext\jersey2\jersey-container-servlet.jar;C:\Programy\NetBeans 8.0\enterprise\modules\ext\jersey2\jersey-container-servlet-core.jar;C:\Programy\NetBeans 8.0\enterprise\modules\ext\jersey2\jersey-server.jar;C:\Programy\NetBeans 8.0\enterprise\modules\ext\jersey2\extensions\jackson-core-asl-1.9.11.jar;C:\Programy\NetBeans 8.0\enterprise\modules\ext\jersey2\extensions\jackson-jaxrs-1.9.11.jar;C:\Programy\NetBeans 8.0\enterprise\modules\ext\jersey2\extensions\jackson-mapper-asl-1.9.11.jar;C:\Programy\NetBeans 8.0\enterprise\modules\ext\jersey2\extensions\jackson-xc-1.9.11.jar;C:\Programy\NetBeans 8.0\enterprise\modules\ext\jersey2\extensions\jersey-media-json-jackson-2.0.jar;C:\Programy\NetBeans 8.0\enterprise\modules\ext\jersey2\extensions\jersey-media-json-jettison-2.0.jar;C:\Programy\NetBeans 8.0\enterprise\modules\ext\jersey2\extensions\jettison-1.3.3.jar" />
    <property name="libs.MySQLDriver.maven-pom" value="" />
    <property name="j2ee.platform.wsgen.classpath" value="C:/programy/GlassFish/glassfish/modules/webservices-osgi.jar:C:/programy/GlassFish/glassfish/modules/endorsed/webservices-api-osgi.jar:C:/programy/GlassFish/glassfish/modules/jaxb-osgi.jar:C:/programy/GlassFish/glassfish/modules/endorsed/jaxb-api-osgi.jar" />
    <property name="libs.hibernate4-persistence.javadoc" value="" />
    <property name="http.nonProxyHosts" value="localhost|127.0.0.1|Notebook" />
    <property name="libs.junit_4.javadoc" value="C:\Programy\NetBeans 8.0\java\docs\junit-4.10-javadoc.jar" />
    <property name="libs.EclipseLink-GlassFish-v3.maven-pom" value="" />
    <property name="libs.javaee-web-api-6.0.maven-pom" value="" />
    <property name="j2ee.deploy.on.save" value="true" />
    <property name="jna.boot.library.name" value="jnidispatch-340" />
    <property name="libs.javaee-endorsed-api-6.0.javadoc" value="C:\Programy\NetBeans 8.0\enterprise\docs\javaee-doc-api.jar" />
    <property name="libs.javaee-api-7.0.classpath" value="C:\Programy\NetBeans 8.0\enterprise\modules\ext\javaee-api-7.0.jar" />
    <property name="sun.awt.datatransfer.timeout" value="1000" />
    <property name="libs.spring-webmvc3.0.javadoc" value="" />
    <property name="libs.jpa2-persistence.maven-pom" value="" />
    <property name="annotation.processing.enabled.in.editor" value="true" />
    <property name="libs.hibernate4-support.classpath" value="C:\Programy\NetBeans 8.0\java\modules\ext\hibernate4\antlr-2.7.7.jar;C:\Programy\NetBeans 8.0\java\modules\ext\hibernate4\c3p0-0.9.2.1.jar;C:\Programy\NetBeans 8.0\java\modules\ext\hibernate4\hibernate-c3p0-4.2.6.Final.jar;C:\Programy\NetBeans 8.0\java\modules\ext\hibernate4\dom4j-1.6.1.jar;C:\Programy\NetBeans 8.0\java\modules\ext\hibernate4\ehcache-core-2.4.3.jar;C:\Programy\NetBeans 8.0\java\modules\ext\hibernate4\hibernate-ehcache-4.2.6.Final.jar;C:\Programy\NetBeans 8.0\java\modules\ext\hibernate4\hibernate-core-4.2.6.Final.jar;C:\Programy\NetBeans 8.0\java\modules\ext\hibernate4\jboss-logging-3.1.0.GA.jar;C:\Programy\NetBeans 8.0\java\modules\ext\hibernate4\hibernate-commons-annotations-4.0.2.Final.jar;C:\Programy\NetBeans 8.0\java\modules\ext\hibernate4\hibernate-entitymanager-4.2.6.Final.jar;C:\Programy\NetBeans 8.0\java\modules\ext\hibernate4\javassist-3.15.0-GA.jar;C:\Programy\NetBeans 8.0\java\modules\ext\hibernate4\jboss-transaction-api_1.1_spec-1.0.1.Final.jar;C:\Programy\NetBeans 8.0\java\modules\ext\hibernate4\slf4j-api-1.6.1.jar;C:\Programy\NetBeans 8.0\java\modules\ext\hibernate4\slf4j-simple-1.6.1.jar" />
    <property name="nb.native.filechooser" value="false" />
    <property name="libs.restapi.src" value="" />
    <property name="sun.management.compiler" value="HotSpot 64-Bit Tiered Compilers" />
    <property name="javac.deprecation" value="false" />
    <property name="javadoc.use" value="true" />
    <property name="client.urlPart" value="" />
    <property name="sun.java2d.noddraw" value="true" />
    <property name="libs.jsp-compiler.classpath" value="C:\Programy\NetBeans 8.0\enterprise\ant\extra\jspcompile.jar" />
    <property name="dist.ear.war" value="dist/Antiq.war" />
    <property name="javac.processorpath" value=":C:\Programy\NetBeans 8.0\java\modules\ext\eclipselink\eclipselink.jar;C:\Programy\NetBeans 8.0\java\modules\ext\eclipselink\javax.persistence_2.1.0.v201304241213.jar;C:\Programy\NetBeans 8.0\java\modules\ext\eclipselink\org.eclipse.persistence.jpa.jpql_2.5.1.v20130918-f2b9fc5.jar:C:\Programy\NetBeans 8.0\java\modules\ext\eclipselink\org.eclipse.persistence.jpa.modelgen_2.5.1.v20130918-f2b9fc5.jar" />
    <property name="javac.compilerargs" value="" />
    <property name="ant.file" value="D:\vyvoj\Antiq\build.xml" />
    <property name="libs.beans-binding.maven-pom" value="" />
    <property name="libs.hibernate4-support.javadoc" value="" />
    <property name="libs.jsf12.classpath" value="C:\Programy\NetBeans 8.0\enterprise\modules\ext\jsf-1_2\commons-beanutils.jar;C:\Programy\NetBeans 8.0\enterprise\modules\ext\jsf-1_2\commons-collections.jar;C:\Programy\NetBeans 8.0\enterprise\modules\ext\jsf-1_2\commons-digester.jar;C:\Programy\NetBeans 8.0\enterprise\modules\ext\jsf-1_2\commons-logging.jar;C:\Programy\NetBeans 8.0\enterprise\modules\ext\jsf-1_2\jsf-api.jar;C:\Programy\NetBeans 8.0\enterprise\modules\ext\jsf-1_2\jsf-impl.jar" />
    <property name="libs.Java-EE-GlassFish-v3-Prelude.classpath" value="C:\Programy\GlassFish\glassfish\modules\endorsed\javax.annotation-api.jar;C:\Programy\GlassFish\glassfish\modules\endorsed\jaxb-api-osgi.jar;C:\Programy\GlassFish\glassfish\modules\endorsed\webservices-api-osgi.jar;C:\Programy\GlassFish\glassfish\modules\bean-validator.jar;C:\Programy\GlassFish\glassfish\modules\javax.batch-api.jar;C:\Programy\GlassFish\glassfish\modules\javax.ejb-api.jar;C:\Programy\GlassFish\glassfish\modules\javax.el.jar;C:\Programy\GlassFish\glassfish\modules\javax.enterprise.concurrent-api.jar;C:\Programy\GlassFish\glassfish\modules\javax.enterprise.concurrent.jar;C:\Programy\GlassFish\glassfish\modules\javax.enterprise.deploy-api.jar;C:\Programy\GlassFish\glassfish\modules\javax.faces.jar;C:\Programy\GlassFish\glassfish\modules\javax.inject.jar;C:\Programy\GlassFish\glassfish\modules\javax.interceptor-api.jar;C:\Programy\GlassFish\glassfish\modules\javax.jms-api.jar;C:\Programy\GlassFish\glassfish\modules\javax.json.jar;C:\Programy\GlassFish\glassfish\modules\javax.mail.jar;C:\Programy\GlassFish\glassfish\modules\javax.management.j2ee-api.jar;C:\Programy\GlassFish\glassfish\modules\javax.persistence.jar;C:\Programy\GlassFish\glassfish\modules\javax.resource-api.jar;C:\Programy\GlassFish\glassfish\modules\javax.security.auth.message-api.jar;C:\Programy\GlassFish\glassfish\modules\javax.security.jacc-api.jar;C:\Programy\GlassFish\glassfish\modules\javax.servlet-api.jar;C:\Programy\GlassFish\glassfish\modules\javax.servlet.jsp-api.jar;C:\Programy\GlassFish\glassfish\modules\javax.servlet.jsp.jar;C:\Programy\GlassFish\glassfish\modules\javax.servlet.jsp.jstl-api.jar;C:\Programy\GlassFish\glassfish\modules\javax.servlet.jsp.jstl.jar;C:\Programy\GlassFish\glassfish\modules\javax.transaction-api.jar;C:\Programy\GlassFish\glassfish\modules\javax.websocket-api.jar;C:\Programy\GlassFish\glassfish\modules\javax.ws.rs-api.jar;C:\Programy\GlassFish\glassfish\modules\javax.xml.registry-api.jar;C:\Programy\GlassFish\glassfish\modules\javax.xml.rpc-api.jar;C:\Programy\GlassFish\glassfish\modules\jaxb-osgi.jar;C:\Programy\GlassFish\glassfish\modules\webservices-osgi.jar;C:\Programy\GlassFish\glassfish\modules\weld-osgi-bundle.jar;C:\Programy\GlassFish\mq\lib\jaxm-api.jar" />
    <property name="has.custom.manifest" value="true" />
    <property name="libs.jstl.maven-pom" value="" />
    <property name="libs.javaee-api-5.0.src" value="" />
    <property name="libs.restapi.maven-pom" value="" />
    <property name="libs.beans-binding.src" value="" />
    <property name="java.vm.specification.vendor" value="Oracle Corporation" />
    <property name="libs.swing-layout.src" value="C:\Programy\NetBeans 8.0\platform\docs\swing-layout-1.0.4-src.zip" />
    <property name="org.openide.major.version" value="IDE/1" />
    <property name="java.vm.name" value="Java HotSpot(TM) 64-Bit Server VM" />
    <property name="do.display.browser.debug" value="true" />
    <property name="netbeans.user" value="C:\Users\Black1\AppData\Roaming\NetBeans\8.0" />
    <property name="javadoc.additionalparam" value="" />
    <property name="java.io.tmpdir" value="C:\Users\Black1\AppData\Local\Temp\" />
    <property name="java.vendor.url" value="http://java.oracle.com/" />
    <property name="endorsed.classpath.cmd.line.arg" value="-Xbootclasspath/p:&apos;C:\Programy\NetBeans 8.0\enterprise\modules\ext\javaee6-endorsed\javax.annotation.jar;C:\Programy\NetBeans 8.0\enterprise\modules\ext\javaee6-endorsed\jaxb-api-osgi.jar;C:\Programy\NetBeans 8.0\enterprise\modules\ext\javaee6-endorsed\webservices-api-osgi.jar&apos;" />
    <property name="junit.available" value="true" />
    <property name="j2ee.platform.wsit.classpath" value="" />
    <property name="compile.jsps" value="false" />
    <property name="libs.javaee-api-5.0.javadoc" value="" />
    <property name="libs.jsp-compiler.src" value="" />
    <property name="org.openide.awt.ActionReference.completion" value="org.netbeans.modules.apisupport.project.layers.PathCompletions" />
    <property name="deploy.ant.properties.file" value="C:\Users\Black1\AppData\Roaming\NetBeans\8.0\config\GlassFishEE6\Properties\gfv333456166.properties" />
    <property name="j2ee.platform.wscompile.classpath" value="C:/programy/GlassFish/glassfish/modules/webservices-osgi.jar" />
    <property name="sun.boot.library.path" value="C:\Program files\Java\jdk1.8.0_05\jre\bin" />
    <property name="have.sources" value="true" />
    <property name="file.reference.spring-test-4.0.5.RELEASE.jar" value="C:\Users\Black1\.m2\repository\org\springframework\spring-test\4.0.5.RELEASE\spring-test-4.0.5.RELEASE.jar" />
    <property name="debug.classpath" value="build/web/WEB-INF/classes:" />
    <property name="war.name" value="Antiq.war" />
    <property name="javadoc.private" value="false" />
    <property name="test.src.dir" value="test" />
    <property name="libs.jsf20.classpath" value="C:\Programy\NetBeans 8.0\enterprise\modules\ext\jsf-2_2\javax.faces.jar" />
    <property name="ap.processors.internal" value="" />
    <property name="javadoc.encoding.used" value="UTF-8" />
    <property name="libs.spring-framework400.maven-pom" value="" />
    <property name="java.runtime.name" value="Java(TM) SE Runtime Environment" />
    <property name="ant.project.name" value="Antiq" />
    <property name="netbeans.hash.code" value="unique=NBJDK_EXTIDE_JAVA_JDK00a3a8849-9519-4226-9c4b-4919db599c2b_1039b950-3f66-4cba-8803-ef5ba405bd78" />
    <property name="netbeans.default_userdir_root" value="C:\Users\Black1\AppData\Roaming\NetBeans" />
    <property name="libs.jsp-compilation-syscp.maven-pom" value="" />
    <property name="sun.cpu.isalist" value="amd64" />
    <property name="libs.spring-framework400.javadoc" value="" />
    <property name="libs.CopyLibs.javadoc" value="" />
    <property name="j2ee.server.domain" value="C:/Programy/GlassFish/glassfish/domains/domain" />
    <property name="org.openide.specification.version" value="6.2" />
    <property name="j2ee.server.home" value="C:/Programy/GlassFish/glassfish" />
    <property name="user.home" value="C:\Users\Black1" />
    <property name="annotation.processing.processors.list" value="" />
    <property name="libs.primefaces.maven-pom" value="" />
    <property name="debug-args-line" value="-Xdebug" />
    <property name="libs.javaee-api-6.0.maven-pom" value="" />
    <property name="libs.JWSAntTasks.src" value="" />
    <property name="libs.CopyLibs.maven-pom" value="" />
    <property name="libs.spring-framework300.javadoc" value="" />
    <property name="libs.absolutelayout.javadoc" value="" />
    <property name="guice.disable.misplaced.annotation.check" value="true" />
    <property name="java.specification.name" value="Java Platform API Specification" />
    <property name="no.dist.ear.dir" value="true" />
    <property name="java.specification.vendor" value="Oracle Corporation" />
    <property name="libs.javac-api.classpath" value="C:\Programy\NetBeans 8.0\java\modules\ext\nb-javac-api.jar" />
    <property name="java.version" value="1.8.0_05" />
    <property name="javadoc.version" value="false" />
    <property name="run.jvmargs.ide" value="" />
    <property name="libs.MySQLDriver.javadoc" value="" />
    <property name="org.openide.version" value="deprecated" />
    <property name="source.encoding" value="UTF-8" />
    <property name="ap.cmd.line.internal" value="" />
    <property name="libs.eclipselinkmodelgen.maven-pom" value="" />
    <property name="libs.jsp-compilation-syscp.javadoc" value="" />
    <property name="libs.junit.maven-pom" value="" />
    <property name="libs.javaee-endorsed-api-7.0.classpath" value="C:\Programy\NetBeans 8.0\enterprise\modules\ext\javaee7-endorsed\javax.annotation-api.jar;C:\Programy\NetBeans 8.0\enterprise\modules\ext\javaee7-endorsed\javax.xml.soap-api.jar;C:\Programy\NetBeans 8.0\enterprise\modules\ext\javaee7-endorsed\jaxb-api-osgi.jar;C:\Programy\NetBeans 8.0\enterprise\modules\ext\javaee7-endorsed\jaxws-api.jar;C:\Programy\NetBeans 8.0\enterprise\modules\ext\javaee7-endorsed\jsr181-api.jar" />
    <property name="libs.eclipselinkmodelgen.javadoc" value="" />
    <property name="libs.metro.javadoc" value="C:\Programy\NetBeans 8.0\enterprise\docs\metro-1.4-doc.zip" />
    <property name="libs.struts.maven-pom" value="" />
    <property name="netbeans.home+have.tests" value="true" />
    <property name="annotation.processing.processor.options" value="-Aeclipselink.canonicalmodel.use_static_factory=false" />
    <property name="libs.testng.maven-pom" value="" />
    <property name="libs.jaxb.src" value="" />
    <property name="libs.jaxb.classpath" value="C:\Programy\NetBeans 8.0\ide\modules\ext\jaxb\jaxb-impl.jar;C:\Programy\NetBeans 8.0\ide\modules\ext\jaxb\jaxb-xjc.jar;C:\Programy\NetBeans 8.0\ide\modules\ext\jaxb\jaxb1-impl.jar;C:\Programy\NetBeans 8.0\ide\modules\ext\jaxb\activation.jar;C:\Programy\NetBeans 8.0\ide\modules\ext\jaxb\api\jaxb-api.jar;C:\Programy\NetBeans 8.0\ide\modules\ext\jaxb\api\jsr173_1.0_api.jar" />
    <property name="php.global.include.path" value="" />
    <property name="has.persistence.xml" value="true" />
    <property name="dist.javadoc.dir" value="dist/javadoc" />
    <property name="libs.spring-webmvc3.0.classpath" value="C:\Programy\NetBeans 8.0\java\modules\ext\spring-3.0\spring-webmvc-3.2.7.RELEASE.jar" />
    <property name="libs.swing-layout.classpath" value="C:\Programy\NetBeans 8.0\platform\modules\ext\swing-layout-1.0.4.jar" />
    <property name="jspc.dtds" value="/resources/dtds/" />
    <property name="libs.javaee-web-api-7.0.maven-pom" value="" />
    <property name="libs.restlib.src" value="" />
    <property name="javac.source" value="1.8" />
    <property name="build.generated.dir" value="build/generated" />
    <property name="line.separator" value="&#xd;&#xa;" />
    <property name="java.specification.version" value="1.8" />
    <property name="java.vm.info" value="mixed mode" />
    <property name="libs.jaxws21.maven-pom" value="" />
    <property name="nb.junit.batch" value="true" />
    <property name="sun.boot.class.path" value="C:\Programy\NetBeans 8.0\enterprise\modules\ext\javaee6-endorsed\javax.annotation.jar;C:\Programy\NetBeans 8.0\enterprise\modules\ext\javaee6-endorsed\jaxb-api-osgi.jar;C:\Programy\NetBeans 8.0\enterprise\modules\ext\javaee6-endorsed\webservices-api-osgi.jar;C:\Program files\Java\jdk1.8.0_05\jre\lib\resources.jar;C:\Program files\Java\jdk1.8.0_05\jre\lib\rt.jar;C:\Program files\Java\jdk1.8.0_05\jre\lib\sunrsasign.jar;C:\Program files\Java\jdk1.8.0_05\jre\lib\jsse.jar;C:\Program files\Java\jdk1.8.0_05\jre\lib\jce.jar;C:\Program files\Java\jdk1.8.0_05\jre\lib\charsets.jar;C:\Program files\Java\jdk1.8.0_05\jre\lib\jfr.jar;C:\Program files\Java\jdk1.8.0_05\jre\classes" />
    <property name="ant.file.Antiq-impl" value="D:\vyvoj\Antiq\nbproject\build-impl.xml" />
    <property name="javac.target" value="1.8" />
    <property name="build.test.classes.dir" value="build/test/classes" />
    <property name="src.dir" value="src/java" />
    <property name="sun.awt.keepWorkingSetOnMinimize" value="true" />
    <property name="libs.jpa2-persistence.src" value="" />
    <property name="annotation.processing.enabled" value="true" />
    <property name="libs.jsf20.src" value="" />
    <property name="libs.jpa20-persistence.src" value="" />
    <property name="libs.jsf12.src" value="" />
    <property name="j2ee.platform" value="1.6-web" />
    <property name="libs.struts.javadoc" value="C:\Programy\NetBeans 8.0\enterprise\docs\struts-1.3.10-javadoc.zip" />
    <property name="ignore.failing.tests" value="true" />
    <property name="web.docbase.dir" value="web" />
    <property name="libs.javaee-web-api-7.0.src" value="" />
    <property name="libs.primefaces.src" value="" />
    <property name="dist.dir" value="dist" />
    <property name="testng.debug.mode" value="" />
    <property name="javac.fork" value="false" />
    <property name="java.awt.printerjob" value="sun.awt.windows.WPrinterJob" />
    <property name="default.javac.source" value="1.8" />
    <property name="debug-transport-by-os" value="dt_shmem" />
    <property name="sun.jnu.encoding" value="Cp1250" />
    <property name="libs.MySQLDriver.src" value="" />
    <property name="java.runtime.version" value="1.8.0_05-b13" />
    <property name="build.test.results.dir" value="build/test/results" />
    <property name="default.javac.target" value="1.8" />
    <property name="libs.junit_4.classpath" value="C:\Programy\NetBeans 8.0\platform\modules\ext\junit-4.10.jar" />
    <property name="user.timezone" value="Europe/Prague" />
    <property name="nb.junit.single" value="false" />
    <property name="libs.javaee-endorsed-api-6.0.maven-pom" value="" />
    <property name="netbeans.dirs" value="C:\Programy\NetBeans 8.0\nb;C:\Programy\NetBeans 8.0\ergonomics;C:\Programy\NetBeans 8.0\ide;C:\Programy\NetBeans 8.0\extide;C:\Programy\NetBeans 8.0\java;C:\Programy\NetBeans 8.0\apisupport;C:\Programy\NetBeans 8.0\webcommon;C:\Programy\NetBeans 8.0\websvccommon;C:\Programy\NetBeans 8.0\enterprise;C:\Programy\NetBeans 8.0\mobility;C:\Programy\NetBeans 8.0\profiler;C:\Programy\NetBeans 8.0\python;C:\Programy\NetBeans 8.0\php;C:\Programy\NetBeans 8.0\identity;C:\Programy\NetBeans 8.0\harness;C:\Programy\NetBeans 8.0\cnd;C:\Programy\NetBeans 8.0\dlight;C:\Programy\NetBeans 8.0\groovy;C:\Programy\NetBeans 8.0\extra;C:\Programy\NetBeans 8.0\javacard;C:\Programy\NetBeans 8.0\javafx" />
    <property name="libs.jstl.javadoc" value="C:\Programy\NetBeans 8.0\enterprise\docs\javaee-doc-api.jar" />
    <property name="libs.jsf20.javadoc" value="C:\Programy\NetBeans 8.0\enterprise\docs\javaee-doc-api.jar" />
    <property name="java.ext.dirs" value="C:\Program files\Java\jdk1.8.0_05\jre\lib\ext;C:\Windows\Sun\Java\lib\ext" />
    <property name="libs.metro.src" value="" />
    <property name="endorsed.classpath" value="C:\Programy\NetBeans 8.0\enterprise\modules\ext\javaee6-endorsed\javax.annotation.jar;C:\Programy\NetBeans 8.0\enterprise\modules\ext\javaee6-endorsed\jaxb-api-osgi.jar;C:\Programy\NetBeans 8.0\enterprise\modules\ext\javaee6-endorsed\webservices-api-osgi.jar" />
    <property name="libs.absolutelayout.classpath" value="C:\Programy\NetBeans 8.0\java\modules\ext\AbsoluteLayout.jar" />
    <property name="excludes" value="" />
    <property name="libs.metro.classpath" value="C:\Programy\NetBeans 8.0\ide\modules\ext\jaxb\activation.jar;C:\Programy\NetBeans 8.0\enterprise\modules\ext\metro\webservices-api.jar;C:\Programy\NetBeans 8.0\enterprise\modules\ext\metro\webservices-extra-api.jar;C:\Programy\NetBeans 8.0\enterprise\modules\ext\metro\webservices-extra.jar;C:\Programy\NetBeans 8.0\enterprise\modules\ext\metro\webservices-rt.jar;C:\Programy\NetBeans 8.0\enterprise\modules\ext\metro\webservices-tools.jar" />
    <property name="libs.restlib.maven-pom" value="" />
    <property name="libs.jpa2-persistence.javadoc" value="" />
    <property name="apple.laf.useScreenMenuBar" value="true" />
    <property name="java.class.path" value="D:\vyvoj\Antiq\build\web\WEB-INF\classes;C:\Programy\NetBeans 8.0\platform\modules\ext\junit-4.10.jar;C:\Users\Black1\.m2\repository\org\mockito\mockito-all\1.8.4\mockito-all-1.8.4.jar;C:\Users\Black1\.m2\repository\org\springframework\spring-test\4.0.5.RELEASE\spring-test-4.0.5.RELEASE.jar;C:\Users\Black1\.m2\repository\org\springframework\spring-core\4.0.5.RELEASE\spring-core-4.0.5.RELEASE.jar;C:\Users\Black1\.m2\repository\commons-logging\commons-logging\1.1.3\commons-logging-1.1.3.jar;D:\vyvoj\Antiq\build\test\classes;C:\Programy\GlassFish\glassfish\modules\endorsed\javax.annotation-api.jar;C:\Programy\GlassFish\glassfish\modules\endorsed\jaxb-api-osgi.jar;C:\Programy\GlassFish\glassfish\modules\endorsed\webservices-api-osgi.jar;C:\Programy\GlassFish\glassfish\modules\bean-validator.jar;C:\Programy\GlassFish\glassfish\modules\javax.batch-api.jar;C:\Programy\GlassFish\glassfish\modules\javax.ejb-api.jar;C:\Programy\GlassFish\glassfish\modules\javax.el.jar;C:\Programy\GlassFish\glassfish\modules\javax.enterprise.concurrent-api.jar;C:\Programy\GlassFish\glassfish\modules\javax.enterprise.concurrent.jar;C:\Programy\GlassFish\glassfish\modules\javax.enterprise.deploy-api.jar;C:\Programy\GlassFish\glassfish\modules\javax.faces.jar;C:\Programy\GlassFish\glassfish\modules\javax.inject.jar;C:\Programy\GlassFish\glassfish\modules\javax.interceptor-api.jar;C:\Programy\GlassFish\glassfish\modules\javax.jms-api.jar;C:\Programy\GlassFish\glassfish\modules\javax.json.jar;C:\Programy\GlassFish\glassfish\modules\javax.mail.jar;C:\Programy\GlassFish\glassfish\modules\javax.management.j2ee-api.jar;C:\Programy\GlassFish\glassfish\modules\javax.persistence.jar;C:\Programy\GlassFish\glassfish\modules\javax.resource-api.jar;C:\Programy\GlassFish\glassfish\modules\javax.security.auth.message-api.jar;C:\Programy\GlassFish\glassfish\modules\javax.security.jacc-api.jar;C:\Programy\GlassFish\glassfish\modules\javax.servlet-api.jar;C:\Programy\GlassFish\glassfish\modules\javax.servlet.jsp-api.jar;C:\Programy\GlassFish\glassfish\modules\javax.servlet.jsp.jar;C:\Programy\GlassFish\glassfish\modules\javax.servlet.jsp.jstl-api.jar;C:\Programy\GlassFish\glassfish\modules\javax.servlet.jsp.jstl.jar;C:\Programy\GlassFish\glassfish\modules\javax.transaction-api.jar;C:\Programy\GlassFish\glassfish\modules\javax.websocket-api.jar;C:\Programy\GlassFish\glassfish\modules\javax.ws.rs-api.jar;C:\Programy\GlassFish\glassfish\modules\javax.xml.registry-api.jar;C:\Programy\GlassFish\glassfish\modules\javax.xml.rpc-api.jar;C:\Programy\GlassFish\glassfish\modules\jaxb-osgi.jar;C:\Programy\GlassFish\glassfish\modules\webservices-osgi.jar;C:\Programy\GlassFish\glassfish\modules\weld-osgi-bundle.jar;C:\Programy\GlassFish\mq\lib\jaxm-api.jar;C:\programy\GlassFish\glassfish\lib\embedded\glassfish-embedded-static-shell.jar;C:\Programy\NetBeans 8.0\extide\ant\lib\ant-launcher.jar;C:\Programy\NetBeans 8.0\extide\ant\lib\ant.jar;C:\Programy\NetBeans 8.0\extide\ant\lib\ant-junit.jar;C:\Programy\NetBeans 8.0\extide\ant\lib\ant-junit4.jar" />
    <property name="libs.absolutelayout.src" value="" />
    <property name="libs.jpa20-persistence.classpath" value="C:\Programy\NetBeans 8.0\java\modules\ext\eclipselink\javax.persistence_2.1.0.v201304241213.jar" />
    <property name="j2ee.server.type" value="gfv3ee6" />
    <property name="os.version" value="6.3" />
    <property name="libs.EclipseLink-GlassFish-v3.javadoc" value="C:\Programy\NetBeans 8.0\enterprise\docs\javaee-doc-api.jar" />
    <property name="libs.javaee-api-7.0.maven-pom" value="" />
    <property name="sun.awt.enableExtraMouseButtons" value="true" />
    <property name="sun.desktop" value="windows" />
    <property name="libs.hibernate4-persistence.src" value="" />
    <property name="libs.hibernate4-support.maven-pom" value="" />
    <property name="libs.restlib.javadoc" value="" />
    <property name="war.content.additional" value="" />
    <property name="libs.JAXB-ENDORSED.classpath" value="C:\Programy\NetBeans 8.0\ide\modules\ext\jaxb\api\jaxb-api.jar" />
    <property name="j2ee.platform.embeddableejb.classpath" value="C:/programy/GlassFish/glassfish/lib/embedded/glassfish-embedded-static-shell.jar" />
    <property name="nb.internal.action.name" value="test" />
    <property name="forceRedeploy" value="false" />
    <property name="libs.javaee-api-7.0.javadoc" value="C:\Programy\NetBeans 8.0\enterprise\docs\javaee-doc-api.jar" />
    <property name="libs.eclipselink.classpath" value="C:\Programy\NetBeans 8.0\java\modules\ext\eclipselink\eclipselink.jar;C:\Programy\NetBeans 8.0\java\modules\ext\eclipselink\javax.persistence_2.1.0.v201304241213.jar;C:\Programy\NetBeans 8.0\java\modules\ext\eclipselink\org.eclipse.persistence.jpa.jpql_2.5.1.v20130918-f2b9fc5.jar" />
    <property name="libs.beans-binding.javadoc" value="C:\Programy\NetBeans 8.0\java\docs\beansbinding-1.2.1-doc.zip" />
    <property name="java.awt.graphicsenv" value="sun.awt.Win32GraphicsEnvironment" />
    <property name="java.vm.vendor" value="Oracle Corporation" />
    <property name="libs.CopyLibs.classpath" value="C:/Programy/NetBeans 8.0/java/ant/extra/org-netbeans-modules-java-j2seproject-copylibstask.jar " />
    <property name="libs.spring-framework300.classpath" value="C:\Programy\NetBeans 8.0\ide\modules\org-apache-commons-logging.jar;C:\Programy\NetBeans 8.0\java\modules\ext\cglib-2.2.jar;C:\Programy\NetBeans 8.0\java\modules\ext\spring-3.0\spring-aop-3.2.7.RELEASE.jar;C:\Programy\NetBeans 8.0\java\modules\ext\spring-3.0\spring-aspects-3.2.7.RELEASE.jar;C:\Programy\NetBeans 8.0\java\modules\ext\spring-3.0\spring-beans-3.2.7.RELEASE.jar;C:\Programy\NetBeans 8.0\java\modules\ext\spring-3.0\spring-build-src-3.2.7.RELEASE.jar;C:\Programy\NetBeans 8.0\java\modules\ext\spring-3.0\spring-context-3.2.7.RELEASE.jar;C:\Programy\NetBeans 8.0\java\modules\ext\spring-3.0\spring-context-support-3.2.7.RELEASE.jar;C:\Programy\NetBeans 8.0\java\modules\ext\spring-3.0\spring-core-3.2.7.RELEASE.jar;C:\Programy\NetBeans 8.0\java\modules\ext\spring-3.0\spring-expression-3.2.7.RELEASE.jar;C:\Programy\NetBeans 8.0\java\modules\ext\spring-3.0\spring-framework-bom-3.2.7.RELEASE.jar;C:\Programy\NetBeans 8.0\java\modules\ext\spring-3.0\spring-instrument-3.2.7.RELEASE.jar;C:\Programy\NetBeans 8.0\java\modules\ext\spring-3.0\spring-instrument-tomcat-3.2.7.RELEASE.jar;C:\Programy\NetBeans 8.0\java\modules\ext\spring-3.0\spring-jdbc-3.2.7.RELEASE.jar;C:\Programy\NetBeans 8.0\java\modules\ext\spring-3.0\spring-jms-3.2.7.RELEASE.jar;C:\Programy\NetBeans 8.0\java\modules\ext\spring-3.0\spring-orm-3.2.7.RELEASE.jar;C:\Programy\NetBeans 8.0\java\modules\ext\spring-3.0\spring-oxm-3.2.7.RELEASE.jar;C:\Programy\NetBeans 8.0\java\modules\ext\spring-3.0\spring-struts-3.2.7.RELEASE.jar;C:\Programy\NetBeans 8.0\java\modules\ext\spring-3.0\spring-test-3.2.7.RELEASE.jar;C:\Programy\NetBeans 8.0\java\modules\ext\spring-3.0\spring-tx-3.2.7.RELEASE.jar;C:\Programy\NetBeans 8.0\java\modules\ext\spring-3.0\spring-web-3.2.7.RELEASE.jar;C:\Programy\NetBeans 8.0\java\modules\ext\spring-3.0\spring-webmvc-3.2.7.RELEASE.jar;C:\Programy\NetBeans 8.0\java\modules\ext\spring-3.0\spring-webmvc-portlet-3.2.7.RELEASE.jar" />
    <property name="libs.jsp-compiler.maven-pom" value="" />
    <property name="libs.hibernate4-persistence.classpath" value="C:\Programy\NetBeans 8.0\java\modules\ext\hibernate4\antlr-2.7.7.jar;C:\Programy\NetBeans 8.0\java\modules\ext\hibernate4\c3p0-0.9.2.1.jar;C:\Programy\NetBeans 8.0\java\modules\ext\hibernate4\hibernate-c3p0-4.2.6.Final.jar;C:\Programy\NetBeans 8.0\java\modules\ext\hibernate4\dom4j-1.6.1.jar;C:\Programy\NetBeans 8.0\java\modules\ext\hibernate4\ehcache-core-2.4.3.jar;C:\Programy\NetBeans 8.0\java\modules\ext\hibernate4\hibernate-ehcache-4.2.6.Final.jar;C:\Programy\NetBeans 8.0\java\modules\ext\hibernate4\hibernate-core-4.2.6.Final.jar;C:\Programy\NetBeans 8.0\java\modules\ext\hibernate4\jboss-logging-3.1.0.GA.jar;C:\Programy\NetBeans 8.0\java\modules\ext\hibernate4\hibernate-commons-annotations-4.0.2.Final.jar;C:\Programy\NetBeans 8.0\java\modules\ext\hibernate4\hibernate-entitymanager-4.2.6.Final.jar;C:\Programy\NetBeans 8.0\java\modules\ext\hibernate4\javassist-3.15.0-GA.jar;C:\Programy\NetBeans 8.0\java\modules\ext\hibernate4\jboss-transaction-api_1.1_spec-1.0.1.Final.jar;C:\Programy\NetBeans 8.0\java\modules\ext\hibernate4\slf4j-api-1.6.1.jar;C:\Programy\NetBeans 8.0\java\modules\ext\hibernate4\slf4j-simple-1.6.1.jar;C:\Programy\NetBeans 8.0\java\modules\ext\hibernate4\hibernate-jpa-2.0-api-1.0.1.Final.jar" />
    <property name="libs.JAXB-ENDORSED.src" value="" />
    <property name="dist.archive.excludes" value="" />
    <property name="libs.testng.javadoc" value="C:\Programy\NetBeans 8.0\platform\docs\testng-6.8.1-javadoc.zip" />
    <property name="user.script" value="" />
    <property name="libs.PostgreSQLDriver.classpath" value="C:\Programy\NetBeans 8.0\ide\modules\ext\postgresql-9.2-1002.jdbc4.jar" />
    <property name="libs.jsf12.maven-pom" value="" />
    <property name="libs.hibernate4-persistencemodelgen.classpath" value="C:\Programy\NetBeans 8.0\java\modules\ext\hibernate4\hibernate-jpamodelgen-1.3.0.Final.jar" />
    <property name="libs.junit.src" value="" />
    <property name="annotation.processing.source.output" value="build/generated-sources/ap-source-output" />
    <property name="libs.CopyLibs.src" value="" />
    <property name="build.dir" value="build" />
    <property name="libs.jsp-compilation.classpath" value="C:\Programy\NetBeans 8.0\extide\ant\lib\ant.jar;C:\Programy\NetBeans 8.0\enterprise\modules\ext\servlet3.1-jsp2.3-api.jar;C:\Programy\NetBeans 8.0\enterprise\modules\ext\glassfish-jspparser-4.0.jar;C:\Programy\NetBeans 8.0\enterprise\modules\ext\jsf-2_2\javax.faces.jar;C:\Programy\NetBeans 8.0\enterprise\modules\ext\jstl-api.jar;C:\Programy\NetBeans 8.0\extide\ant\lib\ant-launcher.jar" />
    <property name="j2ee.platform.is.jsr109" value="true" />
    <property name="ant.version" value="Apache Ant(TM) version 1.9.2 compiled on July 8 2013" />
    <property name="libs.javaee-api-5.0.classpath" value="C:\Users\Black1\AppData\Roaming\NetBeans\8.0\modules\ext\javaee5.jar" />
    <property name="selected.browser" value="default" />
    <property name="file.encoding" value="Cp1250" />
    <property name="build.classes.excludes" value="**/*.java,**/*.form" />
    <property name="jdkBug6558476" value="false" />
    <property name="javadoc.nonavbar" value="false" />
    <property name="libs.spring-webmvc4.0.classpath" value="C:\Programy\NetBeans 8.0\java\modules\ext\spring-4\spring-webmvc-4.0.1.RELEASE.jar" />
    <property name="platform.active" value="default_platform" />
    <property name="awt.toolkit" value="sun.awt.windows.WToolkit" />
    <property name="war.ear.name" value="Antiq.war" />
    <property name="libs.javaee-web-api-7.0.javadoc" value="C:\Programy\NetBeans 8.0\enterprise\docs\javaee-doc-api.jar" />
  </properties>
  <testcase classname="antique.SigninValidatorTest" name="testUsernameEmptyValidator" time="0.052" />
  <testcase classname="antique.SigninValidatorTest" name="testEmailValidator" time="0.001" />
  <testcase classname="antique.SigninValidatorTest" name="testEmailEmptyValidator" time="0.0" />
  <testcase classname="antique.SigninValidatorTest" name="testPhoneShortValidator" time="0.001" />
  <testcase classname="antique.SigninValidatorTest" name="testPhoneNullValidator" time="0.0" />
  <testcase classname="antique.SigninValidatorTest" name="testSuccessValidator" time="0.001" />
  <testcase classname="antique.SigninValidatorTest" name="testUsernameLengthValidator" time="0.003" />
  <testcase classname="antique.SigninValidatorTest" name="testAddressEmptyValidator" time="0.001" />
  <testcase classname="antique.SigninValidatorTest" name="testPasswordShortValidator" time="0.0" />
  <system-out><![CDATA[]]></system-out>
  <system-err><![CDATA[]]></system-err>
</testsuite>
